<?xml version="1.0" encoding="UTF-8"?>
<!-- Generated by org.testng.reporters.JUnitXMLReporter -->
<testsuite ignored="0" hostname="Krishna" failures="1" tests="3" name="Test" time="0.275" errors="0" timestamp="05 Apr 2024 05:08:47 GMT">
  <testcase classname="com.Test.Testclass" name="Test" time="0.031">
    <failure type="java.lang.AssertionError" message="expected [true] but found [false]">
      <![CDATA[java.lang.AssertionError: expected [true] but found [false]
at com.Test.Testclass.Test(Testclass.java:18)
... Removed 29 stack frames]]>
    </failure>
  </testcase> <!-- Test -->
  <testcase classname="com.Test.Testclass" name="Test02" time="0.016"/>
  <testcase classname="com.Test.Testclass" name="Test03" time="0.0">
    <skipped/>
  </testcase> <!-- Test03 -->
</testsuite> <!-- Test -->
